#-----------------------------------------------------------
# Webtalk v2017.4 (64-bit)
# SW Build 2086221 on Fri Dec 15 20:55:39 MST 2017
# 
# Start of session at: Sat Jul 21 12:56:16 2018
# Process ID: 16340
# Current directory: F:/first/micro17/micro17.sdk/webtalk
# Command line: wbtcv.exe -mode batch -source sdk_webtalk.tcl
# Log file: F:/first/micro17/micro17.sdk/webtalk/webtalk.log
# Journal file: F:/first/micro17/micro17.sdk/webtalk\webtalk.jou
#-----------------------------------------------------------
source sdk_webtalk.tcl
# webtalk_init -webtalk_dir F:\\first\\micro17\\micro17.sdk\\webtalk
# webtalk_register_client -client project
# webtalk_add_data -client project -key date_generated -value "2018-07-21 12:56:14" -context "software_version_and_target_device"
# webtalk_add_data -client project -key product_version -value "SDK v2017.4" -context "software_version_and_target_device"
# webtalk_add_data -client project -key build_version -value "2017.4" -context "software_version_and_target_device"
# webtalk_add_data -client project -key os_platform -value "amd64" -context "software_version_and_target_device"
# webtalk_add_data -client project -key registration_id -value "" -context "software_version_and_target_device"
# webtalk_add_data -client project -key tool_flow -value "SDK" -context "software_version_and_target_device"
# webtalk_add_data -client project -key beta -value "false" -context "software_version_and_target_device"
# webtalk_add_data -client project -key route_design -value "NA" -context "software_version_and_target_device"
# webtalk_add_data -client project -key target_family -value "NA" -context "software_version_and_target_device"
# webtalk_add_data -client project -key target_device -value "NA" -context "software_version_and_target_device"
# webtalk_add_data -client project -key target_package -value "NA" -context "software_version_and_target_device"
# webtalk_add_data -client project -key target_speed -value "NA" -context "software_version_and_target_device"
# webtalk_add_data -client project -key random_id -value "25v9ksih9nk2rqoi7i1ds6243u" -context "software_version_and_target_device"
# webtalk_add_data -client project -key project_id -value "2017.4_24" -context "software_version_and_target_device"
# webtalk_add_data -client project -key project_iteration -value "24" -context "software_version_and_target_device"
# webtalk_add_data -client project -key os_name -value "Microsoft Windows 8 or later , 64-bit" -context "user_environment"
# webtalk_add_data -client project -key os_release -value "major release  (build 9200)" -context "user_environment"
# webtalk_add_data -client project -key cpu_name -value "Intel(R) Core(TM) i7-6500U CPU @ 2.50GHz" -context "user_environment"
# webtalk_add_data -client project -key cpu_speed -value "2592 MHz" -context "user_environment"
# webtalk_add_data -client project -key total_processors -value "1" -context "user_environment"
# webtalk_add_data -client project -key system_ram -value "8.484 GB" -context "user_environment"
# webtalk_register_client -client sdk
# webtalk_add_data -client sdk -key uid -value "1532132265064" -context "sdk\\\\hardware/1532132265064"
# webtalk_add_data -client sdk -key isZynq -value "false" -context "sdk\\\\hardware/1532132265064"
# webtalk_add_data -client sdk -key isZynqMP -value "false" -context "sdk\\\\hardware/1532132265064"
# webtalk_add_data -client sdk -key Processors -value "1" -context "sdk\\\\hardware/1532132265064"
# webtalk_add_data -client sdk -key VivadoVersion -value "2017.4" -context "sdk\\\\hardware/1532132265064"
# webtalk_add_data -client sdk -key Arch -value "artix7" -context "sdk\\\\hardware/1532132265064"
# webtalk_add_data -client sdk -key Device -value "7a35t" -context "sdk\\\\hardware/1532132265064"
# webtalk_add_data -client sdk -key IsHandoff -value "true" -context "sdk\\\\hardware/1532132265064"
# webtalk_add_data -client sdk -key os -value "NA" -context "sdk\\\\hardware/1532132265064"
# webtalk_add_data -client sdk -key apptemplate -value "NA" -context "sdk\\\\hardware/1532132265064"
# webtalk_add_data -client sdk -key RecordType -value "HWCreation" -context "sdk\\\\hardware/1532132265064"
# webtalk_add_data -client sdk -key uid -value "1532137629565" -context "sdk\\\\bsp/1532137629565"
# webtalk_add_data -client sdk -key hwid -value "1532132265064" -context "sdk\\\\bsp/1532137629565"
# webtalk_add_data -client sdk -key os -value "standalone" -context "sdk\\\\bsp/1532137629565"
# webtalk_add_data -client sdk -key apptemplate -value "hello_world" -context "sdk\\\\bsp/1532137629565"
# webtalk_add_data -client sdk -key RecordType -value "BSPCreation" -context "sdk\\\\bsp/1532137629565"
# webtalk_add_data -client sdk -key uid -value "1532137633653" -context "sdk\\\\application/1532137633653"
# webtalk_add_data -client sdk -key hwid -value "1532132265064" -context "sdk\\\\application/1532137633653"
# webtalk_add_data -client sdk -key bspid -value "1532137629565" -context "sdk\\\\application/1532137633653"
# webtalk_add_data -client sdk -key newbsp -value "true" -context "sdk\\\\application/1532137633653"
# webtalk_add_data -client sdk -key os -value "standalone" -context "sdk\\\\application/1532137633653"
# webtalk_add_data -client sdk -key apptemplate -value "hello_world" -context "sdk\\\\application/1532137633653"
# webtalk_add_data -client sdk -key RecordType -value "APPCreation" -context "sdk\\\\application/1532137633653"
# webtalk_add_data -client sdk -key LangUsed -value "C" -context "sdk\\\\application/1532137633653"
# webtalk_add_data -client sdk -key Procused -value "microblaze" -context "sdk\\\\application/1532137633653"
# webtalk_add_data -client sdk -key projSize -value "315.140625" -context "sdk\\\\application/1532137633653"
# webtalk_add_data -client sdk -key uid -value "NA" -context "sdk\\\\bsp/1532148974249"
# webtalk_add_data -client sdk -key RecordType -value "ToolUsage" -context "sdk\\\\bsp/1532148974249"
# webtalk_add_data -client sdk -key BootgenCount -value "0" -context "sdk\\\\bsp/1532148974249"
# webtalk_add_data -client sdk -key DebugCount -value "54" -context "sdk\\\\bsp/1532148974249"
# webtalk_add_data -client sdk -key PerfCount -value "0" -context "sdk\\\\bsp/1532148974249"
# webtalk_add_data -client sdk -key FlashCount -value "0" -context "sdk\\\\bsp/1532148974249"
# webtalk_add_data -client sdk -key CrossTriggCount -value "0" -context "sdk\\\\bsp/1532148974249"
# webtalk_add_data -client sdk -key QemuDebugCount -value "0" -context "sdk\\\\bsp/1532148974249"
# webtalk_transmit -clientid 4160969881 -regid "" -xml F:\\first\\micro17\\micro17.sdk\\webtalk\\usage_statistics_ext_sdk.xml -html F:\\first\\micro17\\micro17.sdk\\webtalk\\usage_statistics_ext_sdk.html -wdm F:\\first\\micro17\\micro17.sdk\\webtalk\\sdk_webtalk.wdm -intro "<H3>SDK Usage Report</H3><BR>"
