#-----------------------------------------------------------
# Webtalk v2018.1 (64-bit)
# SW Build 2188600 on Wed Apr  4 18:40:38 MDT 2018
# 
# Start of session at: Sat Jul 21 22:39:08 2018
# Process ID: 19160
# Current directory: E:/Verilog/first/micro17/micro17.sdk/webtalk
# Command line: wbtcv.exe -mode batch -source sdk_webtalk.tcl
# Log file: E:/Verilog/first/micro17/micro17.sdk/webtalk/webtalk.log
# Journal file: E:/Verilog/first/micro17/micro17.sdk/webtalk\webtalk.jou
#-----------------------------------------------------------
source sdk_webtalk.tcl
# webtalk_init -webtalk_dir E:\\Verilog\\first\\micro17\\micro17.sdk\\webtalk
# webtalk_register_client -client project
# webtalk_add_data -client project -key date_generated -value "2018-07-21 22:39:06" -context "software_version_and_target_device"
# webtalk_add_data -client project -key product_version -value "SDK v2018.1" -context "software_version_and_target_device"
# webtalk_add_data -client project -key build_version -value "2018.1" -context "software_version_and_target_device"
# webtalk_add_data -client project -key os_platform -value "amd64" -context "software_version_and_target_device"
# webtalk_add_data -client project -key registration_id -value "135256_15690819_173552794_661" -context "software_version_and_target_device"
# webtalk_add_data -client project -key tool_flow -value "SDK" -context "software_version_and_target_device"
# webtalk_add_data -client project -key beta -value "false" -context "software_version_and_target_device"
# webtalk_add_data -client project -key route_design -value "NA" -context "software_version_and_target_device"
# webtalk_add_data -client project -key target_family -value "NA" -context "software_version_and_target_device"
# webtalk_add_data -client project -key target_device -value "NA" -context "software_version_and_target_device"
# webtalk_add_data -client project -key target_package -value "NA" -context "software_version_and_target_device"
# webtalk_add_data -client project -key target_speed -value "NA" -context "software_version_and_target_device"
# webtalk_add_data -client project -key random_id -value "aokqofbt8a3g5qioa0fdctvif3" -context "software_version_and_target_device"
# webtalk_add_data -client project -key project_id -value "2018.1_78" -context "software_version_and_target_device"
# webtalk_add_data -client project -key project_iteration -value "78" -context "software_version_and_target_device"
# webtalk_add_data -client project -key os_name -value "Microsoft Windows 8 or later , 64-bit" -context "user_environment"
# webtalk_add_data -client project -key os_release -value "major release  (build 9200)" -context "user_environment"
# webtalk_add_data -client project -key cpu_name -value "Intel(R) Core(TM) i5-6300HQ CPU @ 2.30GHz" -context "user_environment"
# webtalk_add_data -client project -key cpu_speed -value "2304 MHz" -context "user_environment"
# webtalk_add_data -client project -key total_processors -value "1" -context "user_environment"
# webtalk_add_data -client project -key system_ram -value "8.457 GB" -context "user_environment"
# webtalk_register_client -client sdk
# webtalk_add_data -client sdk -key uid -value "1532172390758" -context "sdk\\\\hardware/1532172390758"
# webtalk_add_data -client sdk -key isZynq -value "false" -context "sdk\\\\hardware/1532172390758"
# webtalk_add_data -client sdk -key isZynqMP -value "false" -context "sdk\\\\hardware/1532172390758"
# webtalk_add_data -client sdk -key Processors -value "1" -context "sdk\\\\hardware/1532172390758"
# webtalk_add_data -client sdk -key VivadoVersion -value "2017.4" -context "sdk\\\\hardware/1532172390758"
# webtalk_add_data -client sdk -key Arch -value "artix7" -context "sdk\\\\hardware/1532172390758"
# webtalk_add_data -client sdk -key Device -value "7a35t" -context "sdk\\\\hardware/1532172390758"
# webtalk_add_data -client sdk -key IsHandoff -value "true" -context "sdk\\\\hardware/1532172390758"
# webtalk_add_data -client sdk -key os -value "NA" -context "sdk\\\\hardware/1532172390758"
# webtalk_add_data -client sdk -key apptemplate -value "NA" -context "sdk\\\\hardware/1532172390758"
# webtalk_add_data -client sdk -key RecordType -value "HWCreation" -context "sdk\\\\hardware/1532172390758"
# webtalk_add_data -client sdk -key uid -value "NA" -context "sdk\\\\bsp/1532183946575"
# webtalk_add_data -client sdk -key RecordType -value "ToolUsage" -context "sdk\\\\bsp/1532183946575"
# webtalk_add_data -client sdk -key BootgenCount -value "0" -context "sdk\\\\bsp/1532183946575"
# webtalk_add_data -client sdk -key DebugCount -value "78" -context "sdk\\\\bsp/1532183946575"
# webtalk_add_data -client sdk -key PerfCount -value "0" -context "sdk\\\\bsp/1532183946575"
# webtalk_add_data -client sdk -key FlashCount -value "0" -context "sdk\\\\bsp/1532183946575"
# webtalk_add_data -client sdk -key CrossTriggCount -value "0" -context "sdk\\\\bsp/1532183946575"
# webtalk_add_data -client sdk -key QemuDebugCount -value "0" -context "sdk\\\\bsp/1532183946575"
# webtalk_transmit -clientid 2878984445 -regid "135256_15690819_173552794_661" -xml E:\\Verilog\\first\\micro17\\micro17.sdk\\webtalk\\usage_statistics_ext_sdk.xml -html E:\\Verilog\\first\\micro17\\micro17.sdk\\webtalk\\usage_statistics_ext_sdk.html -wdm E:\\Verilog\\first\\micro17\\micro17.sdk\\webtalk\\sdk_webtalk.wdm -intro "<H3>SDK Usage Report</H3><BR>"
# webtalk_terminate
INFO: [Common 17-206] Exiting Webtalk at Sat Jul 21 22:39:09 2018...
